<?xml version="1.0" encoding="UTF-8"?>
<testng-results skipped="0" failed="0" ignored="0" total="1" passed="1">
  <reporter-output>
  </reporter-output>
  <suite name="Default suite" duration-ms="18271" started-at="2020-05-25T14:03:43Z" finished-at="2020-05-25T14:04:01Z">
    <groups>
    </groups>
    <test name="Default test" duration-ms="18271" started-at="2020-05-25T14:03:43Z" finished-at="2020-05-25T14:04:01Z">
      <class name="com.crm.qa.testcases.ContactsPageTestClass">
        <test-method status="PASS" signature="SetUp()[pri:0, instance:com.crm.qa.testcases.ContactsPageTestClass@7d68ef40]" name="SetUp" is-config="true" duration-ms="13881" started-at="2020-05-25T14:03:43Z" finished-at="2020-05-25T14:03:57Z">
          <reporter-output>
          </reporter-output>
        </test-method> <!-- SetUp -->
        <test-method status="PASS" signature="ValidateCreateNewContact()[pri:4, instance:com.crm.qa.testcases.ContactsPageTestClass@7d68ef40]" name="ValidateCreateNewContact" duration-ms="4351" started-at="2020-05-25T14:03:57Z" finished-at="2020-05-25T14:04:01Z">
          <reporter-output>
          </reporter-output>
        </test-method> <!-- ValidateCreateNewContact -->
        <test-method status="PASS" signature="TearDown()[pri:0, instance:com.crm.qa.testcases.ContactsPageTestClass@7d68ef40]" name="TearDown" is-config="true" duration-ms="0" started-at="2020-05-25T14:04:01Z" finished-at="2020-05-25T14:04:01Z">
          <reporter-output>
          </reporter-output>
        </test-method> <!-- TearDown -->
      </class> <!-- com.crm.qa.testcases.ContactsPageTestClass -->
    </test> <!-- Default test -->
  </suite> <!-- Default suite -->
</testng-results>
